<?xml version="1.0" encoding="UTF-8" ?>
<testsuite tests="1" failures="1" name="agencyTest.AgencyTest" time="14.709" errors="0" skipped="0">
  <properties>
[...]
</properties>
  <testcase classname="agencyTest.AgencyTest" name="PatientCreate" time="14.709">
    <failure message="expected [true] but found [false]" type="java.lang.AssertionError">java.lang.AssertionError: expected [true] but found [false]
	at org.testng.Assert.fail(Assert.java:94)
	at org.testng.Assert.failNotEquals(Assert.java:494)
	at org.testng.Assert.assertTrue(Assert.java:42)
	at org.testng.Assert.assertTrue(Assert.java:52)
	at agencyTest.AgencyTest.PatientCreate(AgencyTest.java:154)
</failure>
    <system-out>Configuring TestNG with: org.apache.maven.surefire.testng.conf.TestNG652Configurator@53bd815b
After pat tab click
After create btn click
First Name Entered
City Entered
Middle Name Entered
State Value Chosen
Last Name Entered
Zip code entered
Address entered
Telephone entered
Suite val entered
Dob entered
Sex chosen
Physcian field click
Physician keys entered
Physician Chosen
Clinician field click
Clinician Entered
Clinician chosen
Paysource chosen
HICL entered
MR no entered
Diag field click
Diag entered
Diag chosen
Drop entered
Diag date entered
Save clicked
</system-out>
    <system-err>Oct 30, 2017 6:44:38 AM com.relevantcodes.extentreports.Configuration &lt;init&gt;
INFO: Configurating report from file:/C:/WINDOWS/system32/config/systemprofile/.m2/repository/com/relevantcodes/extentreports/2.40/extentreports-2.40.jar!/com/relevantcodes/extentreports/resources/extent-config.xml
log4j:WARN No appenders could be found for logger (org.apache.http.client.protocol.RequestAddCookies).
log4j:WARN Please initialize the log4j system properly.
log4j:WARN See http://logging.apache.org/log4j/1.2/faq.html#noconfig for more info.
</system-err>
  </testcase>
</testsuite>