<?xml version="1.0" encoding="UTF-8"?>
<testng-results skipped="0" failed="0" total="1" passed="1">
  <reporter-output>
  </reporter-output>
  <suite name="Default suite" duration-ms="16052" started-at="2017-11-17T12:29:32Z" finished-at="2017-11-17T12:29:48Z">
    <groups>
    </groups>
    <test name="Default test" duration-ms="16052" started-at="2017-11-17T12:29:32Z" finished-at="2017-11-17T12:29:48Z">
      <class name="agencyTest.FlightBookingTest">
        <test-method status="PASS" signature="testThatResultsAppearForAOneWayJourney()[pri:0, instance:agencyTest.FlightBookingTest@37654521]" name="testThatResultsAppearForAOneWayJourney" duration-ms="16037" started-at="2017-11-17T06:29:32Z" finished-at="2017-11-17T06:29:48Z">
          <reporter-output>
          </reporter-output>
        </test-method> <!-- testThatResultsAppearForAOneWayJourney -->
      </class> <!-- agencyTest.FlightBookingTest -->
    </test> <!-- Default test -->
  </suite> <!-- Default suite -->
</testng-results>
